# JRE version: Java(TM) SE Runtime Environment (8.0_202-b08) (build 1.8.0_202-b08)
# Java VM: Java HotSpot(TM) 64-Bit Server VM (25.202-b08 mixed mode windows-amd64 compressed oops)
Heap:
 PSYoungGen      total 125952K, used 34283K [0x00000000d6e00000, 0x00000000dfa00000, 0x0000000100000000)
  eden space 117760K, 22% used [0x00000000d6e00000,0x00000000d877ba50,0x00000000de100000)
  from space 8192K, 99% used [0x00000000df200000,0x00000000df9ff308,0x00000000dfa00000)
  to   space 9216K, 0% used [0x00000000de800000,0x00000000de800000,0x00000000df100000)
 ParOldGen       total 44544K, used 6204K [0x0000000084a00000, 0x0000000087580000, 0x00000000d6e00000)
  object space 44544K, 13% used [0x0000000084a00000,0x000000008500f1d8,0x0000000087580000)
 Metaspace       used 30421K, capacity 32178K, committed 32384K, reserved 1077248K
  class space    used 4050K, capacity 4447K, committed 4480K, reserved 1048576K
GC Heap History (10 events):
Event: 1.847 GC heap before
{Heap before GC invocations=3 (full 0):
 PSYoungGen      total 36864K, used 36860K [0x00000000d6e00000, 0x00000000db600000, 0x0000000100000000)
  eden space 31744K, 100% used [0x00000000d6e00000,0x00000000d8d00000,0x00000000d8d00000)
  from space 5120K, 99% used [0x00000000d9200000,0x00000000d96ff2c8,0x00000000d9700000)
  to   space 5120K, 0% used [0x00000000d8d00000,0x00000000d8d00000,0x00000000d9200000)
 ParOldGen       total 84992K, used 360K [0x0000000084a00000, 0x0000000089d00000, 0x00000000d6e00000)
  object space 84992K, 0% used [0x0000000084a00000,0x0000000084a5a360,0x0000000089d00000)
 Metaspace       used 17367K, capacity 18312K, committed 18560K, reserved 1064960K
  class space    used 2205K, capacity 2430K, committed 2432K, reserved 1048576K
Event: 1.851 GC heap after
Heap after GC invocations=3 (full 0):
 PSYoungGen      total 36864K, used 5112K [0x00000000d6e00000, 0x00000000db600000, 0x0000000100000000)
  eden space 31744K, 0% used [0x00000000d6e00000,0x00000000d6e00000,0x00000000d8d00000)
  from space 5120K, 99% used [0x00000000d8d00000,0x00000000d91fe138,0x00000000d9200000)
  to   space 5120K, 0% used [0x00000000db100000,0x00000000db100000,0x00000000db600000)
 ParOldGen       total 84992K, used 1363K [0x0000000084a00000, 0x0000000089d00000, 0x00000000d6e00000)
  object space 84992K, 1% used [0x0000000084a00000,0x0000000084b54dc8,0x0000000089d00000)
 Metaspace       used 17367K, capacity 18312K, committed 18560K, reserved 1064960K
  class space    used 2205K, capacity 2430K, committed 2432K, reserved 1048576K
}
Event: 2.151 GC heap before
{Heap before GC invocations=4 (full 0):
 PSYoungGen      total 36864K, used 36856K [0x00000000d6e00000, 0x00000000db600000, 0x0000000100000000)
  eden space 31744K, 100% used [0x00000000d6e00000,0x00000000d8d00000,0x00000000d8d00000)
  from space 5120K, 99% used [0x00000000d8d00000,0x00000000d91fe138,0x00000000d9200000)
  to   space 5120K, 0% used [0x00000000db100000,0x00000000db100000,0x00000000db600000)
 ParOldGen       total 84992K, used 1363K [0x0000000084a00000, 0x0000000089d00000, 0x00000000d6e00000)
  object space 84992K, 1% used [0x0000000084a00000,0x0000000084b54dc8,0x0000000089d00000)
 Metaspace       used 19991K, capacity 21096K, committed 21296K, reserved 1067008K
  class space    used 2598K, capacity 2848K, committed 2944K, reserved 1048576K
Event: 2.157 GC heap after
Heap after GC invocations=4 (full 0):
 PSYoungGen      total 68608K, used 5103K [0x00000000d6e00000, 0x00000000db600000, 0x0000000100000000)
  eden space 63488K, 0% used [0x00000000d6e00000,0x00000000d6e00000,0x00000000dac00000)
  from space 5120K, 99% used [0x00000000db100000,0x00000000db5fbf18,0x00000000db600000)
  to   space 5120K, 0% used [0x00000000dac00000,0x00000000dac00000,0x00000000db100000)
 ParOldGen       total 84992K, used 4066K [0x0000000084a00000, 0x0000000089d00000, 0x00000000d6e00000)
  object space 84992K, 4% used [0x0000000084a00000,0x0000000084df8940,0x0000000089d00000)
 Metaspace       used 19991K, capacity 21096K, committed 21296K, reserved 1067008K
  class space    used 2598K, capacity 2848K, committed 2944K, reserved 1048576K
}
Event: 2.168 GC heap before
{Heap before GC invocations=5 (full 0):
 PSYoungGen      total 68608K, used 6350K [0x00000000d6e00000, 0x00000000db600000, 0x0000000100000000)
  eden space 63488K, 1% used [0x00000000d6e00000,0x00000000d6f37c98,0x00000000dac00000)
  from space 5120K, 99% used [0x00000000db100000,0x00000000db5fbf18,0x00000000db600000)
  to   space 5120K, 0% used [0x00000000dac00000,0x00000000dac00000,0x00000000db100000)
 ParOldGen       total 84992K, used 4066K [0x0000000084a00000, 0x0000000089d00000, 0x00000000d6e00000)
  object space 84992K, 4% used [0x0000000084a00000,0x0000000084df8940,0x0000000089d00000)
 Metaspace       used 20117K, capacity 21166K, committed 21296K, reserved 1067008K
  class space    used 2609K, capacity 2849K, committed 2944K, reserved 1048576K
Event: 2.173 GC heap after
Heap after GC invocations=5 (full 0):
 PSYoungGen      total 68608K, used 5103K [0x00000000d6e00000, 0x00000000dfa00000, 0x0000000100000000)
  eden space 63488K, 0% used [0x00000000d6e00000,0x00000000d6e00000,0x00000000dac00000)
  from space 5120K, 99% used [0x00000000dac00000,0x00000000db0fbf18,0x00000000db100000)
  to   space 8192K, 0% used [0x00000000df200000,0x00000000df200000,0x00000000dfa00000)
 ParOldGen       total 84992K, used 4200K [0x0000000084a00000, 0x0000000089d00000, 0x00000000d6e00000)
  object space 84992K, 4% used [0x0000000084a00000,0x0000000084e1a300,0x0000000089d00000)
 Metaspace       used 20117K, capacity 21166K, committed 21296K, reserved 1067008K
  class space    used 2609K, capacity 2849K, committed 2944K, reserved 1048576K
}
Event: 2.173 GC heap before
{Heap before GC invocations=6 (full 1):
 PSYoungGen      total 68608K, used 5103K [0x00000000d6e00000, 0x00000000dfa00000, 0x0000000100000000)
  eden space 63488K, 0% used [0x00000000d6e00000,0x00000000d6e00000,0x00000000dac00000)
  from space 5120K, 99% used [0x00000000dac00000,0x00000000db0fbf18,0x00000000db100000)
  to   space 8192K, 0% used [0x00000000df200000,0x00000000df200000,0x00000000dfa00000)
 ParOldGen       total 84992K, used 4200K [0x0000000084a00000, 0x0000000089d00000, 0x00000000d6e00000)
  object space 84992K, 4% used [0x0000000084a00000,0x0000000084e1a300,0x0000000089d00000)
 Metaspace       used 20117K, capacity 21166K, committed 21296K, reserved 1067008K
  class space    used 2609K, capacity 2849K, committed 2944K, reserved 1048576K
Event: 2.198 GC heap after
Heap after GC invocations=6 (full 1):
 PSYoungGen      total 68608K, used 0K [0x00000000d6e00000, 0x00000000dfa00000, 0x0000000100000000)
  eden space 63488K, 0% used [0x00000000d6e00000,0x00000000d6e00000,0x00000000dac00000)
  from space 5120K, 0% used [0x00000000dac00000,0x00000000dac00000,0x00000000db100000)
  to   space 8192K, 0% used [0x00000000df200000,0x00000000df200000,0x00000000dfa00000)
 ParOldGen       total 44544K, used 5569K [0x0000000084a00000, 0x0000000087580000, 0x00000000d6e00000)
  object space 44544K, 12% used [0x0000000084a00000,0x0000000084f70750,0x0000000087580000)
 Metaspace       used 20117K, capacity 21166K, committed 21296K, reserved 1067008K
  class space    used 2609K, capacity 2849K, committed 2944K, reserved 1048576K
}
Event: 4.062 GC heap before
{Heap before GC invocations=7 (full 1):
 PSYoungGen      total 68608K, used 60893K [0x00000000d6e00000, 0x00000000dfa00000, 0x0000000100000000)
  eden space 63488K, 95% used [0x00000000d6e00000,0x00000000da9777f8,0x00000000dac00000)
  from space 5120K, 0% used [0x00000000dac00000,0x00000000dac00000,0x00000000db100000)
  to   space 8192K, 0% used [0x00000000df200000,0x00000000df200000,0x00000000dfa00000)
 ParOldGen       total 44544K, used 5569K [0x0000000084a00000, 0x0000000087580000, 0x00000000d6e00000)
  object space 44544K, 12% used [0x0000000084a00000,0x0000000084f70750,0x0000000087580000)
 Metaspace       used 29284K, capacity 30940K, committed 31232K, reserved 1077248K
  class space    used 3877K, capacity 4270K, committed 4352K, reserved 1048576K
Event: 4.069 GC heap after
Heap after GC invocations=7 (full 1):
 PSYoungGen      total 125952K, used 8188K [0x00000000d6e00000, 0x00000000dfa00000, 0x0000000100000000)
  eden space 117760K, 0% used [0x00000000d6e00000,0x00000000d6e00000,0x00000000de100000)
  from space 8192K, 99% used [0x00000000df200000,0x00000000df9ff308,0x00000000dfa00000)
  to   space 9216K, 0% used [0x00000000de800000,0x00000000de800000,0x00000000df100000)
 ParOldGen       total 44544K, used 6204K [0x0000000084a00000, 0x0000000087580000, 0x00000000d6e00000)
  object space 44544K, 13% used [0x0000000084a00000,0x000000008500f1d8,0x0000000087580000)
 Metaspace       used 29284K, capacity 30940K, committed 31232K, reserved 1077248K
  class space    used 3877K, capacity 4270K, committed 4352K, reserved 1048576K
}

