<?xml version="1.0" encoding="UTF-8"?>
<testng-results skipped="0" failed="0" ignored="0" total="1" passed="1">
  <reporter-output>
  </reporter-output>
  <suite name="Surefire suite" duration-ms="31" started-at="2022-08-25T14:47:53 IST" finished-at="2022-08-25T14:47:53 IST">
    <groups>
    </groups>
    <test name="Surefire test" duration-ms="31" started-at="2022-08-25T14:47:53 IST" finished-at="2022-08-25T14:47:53 IST">
      <class name="com.ikcon.tech.AppTest">
        <test-method status="PASS" signature="shouldAnswerWithTrue()" name="shouldAnswerWithTrue" duration-ms="5" started-at="2022-08-25T14:47:53 IST" finished-at="2022-08-25T14:47:53 IST">
          <reporter-output>
          </reporter-output>
        </test-method> <!-- shouldAnswerWithTrue -->
      </class> <!-- com.ikcon.tech.AppTest -->
    </test> <!-- Surefire test -->
  </suite> <!-- Surefire suite -->
</testng-results>
